Build started 6/26/2019 12:17:27 PM.
     1>Project "D:\comproSEC_A\lab01_tiger\lab01_tiger\lab01_tiger.vcxproj" on node 2 (build target(s)).
     1>InitializeBuildStatus:
         Creating "Debug\lab01_tiger.unsuccessfulbuild" because "AlwaysCreate" was specified.
       ClCompile:
         C:\Program Files (x86)\Microsoft Visual Studio 10.0\VC\bin\CL.exe /c /ZI /nologo /W3 /WX- /Od /Oy- /D WIN32 /D _DEBUG /D _CONSOLE /D _UNICODE /D UNICODE /Gm /EHsc /RTC1 /MDd /GS /fp:precise /Zc:wchar_t /Zc:forScope /Fo"Debug\\" /Fd"Debug\vc100.pdb" /Gd /TP /analyze- /errorReport:prompt firstproject.cpp
         firstproject.cpp
     1>d:\comprosec_a\lab01_tiger\lab01_tiger\firstproject.cpp(37): warning C4018: '<' : signed/unsigned mismatch
       ManifestResourceCompile:
         All outputs are up-to-date.
       Link:
         C:\Program Files (x86)\Microsoft Visual Studio 10.0\VC\bin\link.exe /ERRORREPORT:PROMPT /OUT:"D:\comproSEC_A\lab01_tiger\Debug\lab01_tiger.exe" /INCREMENTAL /NOLOGO kernel32.lib user32.lib gdi32.lib winspool.lib comdlg32.lib advapi32.lib shell32.lib ole32.lib oleaut32.lib uuid.lib odbc32.lib odbccp32.lib /MANIFEST /ManifestFile:"Debug\lab01_tiger.exe.intermediate.manifest" /MANIFESTUAC:"level='asInvoker' uiAccess='false'" /DEBUG /PDB:"D:\comproSEC_A\lab01_tiger\Debug\lab01_tiger.pdb" /SUBSYSTEM:CONSOLE /TLBID:1 /DYNAMICBASE /NXCOMPAT /IMPLIB:"D:\comproSEC_A\lab01_tiger\Debug\lab01_tiger.lib" /MACHINE:X86 Debug\lab01_tiger.exe.embed.manifest.res
         Debug\firstproject.obj
       Manifest:
         C:\Program Files (x86)\Microsoft SDKs\Windows\v7.0A\bin\mt.exe /nologo /verbose /out:"Debug\lab01_tiger.exe.embed.manifest" /manifest Debug\lab01_tiger.exe.intermediate.manifest
         All outputs are up-to-date.
       LinkEmbedManifest:
         All outputs are up-to-date.
         lab01_tiger.vcxproj -> D:\comproSEC_A\lab01_tiger\Debug\lab01_tiger.exe
       FinalizeBuildStatus:
         Deleting file "Debug\lab01_tiger.unsuccessfulbuild".
         Touching "Debug\lab01_tiger.lastbuildstate".
     1>Done Building Project "D:\comproSEC_A\lab01_tiger\lab01_tiger\lab01_tiger.vcxproj" (build target(s)).

Build succeeded.

Time Elapsed 00:00:00.97
