Build started 6/26/2019 12:18:03 PM.
     1>Project "D:\comproSEC_A\program week2\program week2\program week2.vcxproj" on node 2 (build target(s)).
     1>InitializeBuildStatus:
         Creating "Debug\program week2.unsuccessfulbuild" because "AlwaysCreate" was specified.
       ClCompile:
         C:\Program Files (x86)\Microsoft Visual Studio 10.0\VC\bin\CL.exe /c /ZI /nologo /W3 /WX- /Od /Oy- /D WIN32 /D _DEBUG /D _CONSOLE /D _UNICODE /D UNICODE /Gm /EHsc /RTC1 /MDd /GS /fp:precise /Zc:wchar_t /Zc:forScope /Fo"Debug\\" /Fd"Debug\vc100.pdb" /Gd /TP /analyze- /errorReport:prompt week2.cpp
         week2.cpp
       ManifestResourceCompile:
         All outputs are up-to-date.
       Link:
         C:\Program Files (x86)\Microsoft Visual Studio 10.0\VC\bin\link.exe /ERRORREPORT:PROMPT /OUT:"D:\comproSEC_A\program week2\Debug\program week2.exe" /INCREMENTAL /NOLOGO kernel32.lib user32.lib gdi32.lib winspool.lib comdlg32.lib advapi32.lib shell32.lib ole32.lib oleaut32.lib uuid.lib odbc32.lib odbccp32.lib /MANIFEST /ManifestFile:"Debug\program week2.exe.intermediate.manifest" /MANIFESTUAC:"level='asInvoker' uiAccess='false'" /DEBUG /PDB:"D:\comproSEC_A\program week2\Debug\program week2.pdb" /SUBSYSTEM:CONSOLE /TLBID:1 /DYNAMICBASE /NXCOMPAT /IMPLIB:"D:\comproSEC_A\program week2\Debug\program week2.lib" /MACHINE:X86 "Debug\program week2.exe.embed.manifest.res"
         Debug\week2.obj
       Manifest:
         C:\Program Files (x86)\Microsoft SDKs\Windows\v7.0A\bin\mt.exe /nologo /verbose /out:"Debug\program week2.exe.embed.manifest" /manifest "Debug\program week2.exe.intermediate.manifest"
         All outputs are up-to-date.
       LinkEmbedManifest:
         All outputs are up-to-date.
         program week2.vcxproj -> D:\comproSEC_A\program week2\Debug\program week2.exe
       FinalizeBuildStatus:
         Deleting file "Debug\program week2.unsuccessfulbuild".
         Touching "Debug\program week2.lastbuildstate".
     1>Done Building Project "D:\comproSEC_A\program week2\program week2\program week2.vcxproj" (build target(s)).

Build succeeded.

Time Elapsed 00:00:00.61
