Build started 6/19/2019 11:17:43 AM.
     1>Project "D:\comproSEC_A\lab3\lab3\lab3.vcxproj" on node 2 (build target(s)).
     1>PrepareForBuild:
         Creating directory "D:\comproSEC_A\lab3\Debug\".
       InitializeBuildStatus:
         Creating "Debug\lab3.unsuccessfulbuild" because "AlwaysCreate" was specified.
       ClCompile:
         C:\Program Files (x86)\Microsoft Visual Studio 10.0\VC\bin\CL.exe /c /ZI /nologo /W3 /WX- /Od /Oy- /D WIN32 /D _DEBUG /D _CONSOLE /D _UNICODE /D UNICODE /Gm /EHsc /RTC1 /MDd /GS /fp:precise /Zc:wchar_t /Zc:forScope /Fo"Debug\\" /Fd"Debug\vc100.pdb" /Gd /TP /analyze- /errorReport:prompt lab3.cpp
         lab3.cpp
       ManifestResourceCompile:
         C:\Program Files (x86)\Microsoft SDKs\Windows\v7.0A\bin\rc.exe /nologo /fo"Debug\lab3.exe.embed.manifest.res" Debug\lab3_manifest.rc 
       Link:
         C:\Program Files (x86)\Microsoft Visual Studio 10.0\VC\bin\link.exe /ERRORREPORT:PROMPT /OUT:"D:\comproSEC_A\lab3\Debug\lab3.exe" /INCREMENTAL /NOLOGO kernel32.lib user32.lib gdi32.lib winspool.lib comdlg32.lib advapi32.lib shell32.lib ole32.lib oleaut32.lib uuid.lib odbc32.lib odbccp32.lib /MANIFEST /ManifestFile:"Debug\lab3.exe.intermediate.manifest" /MANIFESTUAC:"level='asInvoker' uiAccess='false'" /DEBUG /PDB:"D:\comproSEC_A\lab3\Debug\lab3.pdb" /SUBSYSTEM:CONSOLE /TLBID:1 /DYNAMICBASE /NXCOMPAT /IMPLIB:"D:\comproSEC_A\lab3\Debug\lab3.lib" /MACHINE:X86 Debug\lab3.exe.embed.manifest.res
         Debug\lab3.obj
       Manifest:
         C:\Program Files (x86)\Microsoft SDKs\Windows\v7.0A\bin\mt.exe /nologo /verbose /out:"Debug\lab3.exe.embed.manifest" /manifest Debug\lab3.exe.intermediate.manifest
         C:\Program Files (x86)\Microsoft SDKs\Windows\v7.0A\bin\rc.exe /nologo /fo"Debug\lab3.exe.embed.manifest.res" Debug\lab3_manifest.rc 
       LinkEmbedManifest:
         C:\Program Files (x86)\Microsoft Visual Studio 10.0\VC\bin\link.exe /ERRORREPORT:PROMPT /OUT:"D:\comproSEC_A\lab3\Debug\lab3.exe" /INCREMENTAL /NOLOGO kernel32.lib user32.lib gdi32.lib winspool.lib comdlg32.lib advapi32.lib shell32.lib ole32.lib oleaut32.lib uuid.lib odbc32.lib odbccp32.lib /MANIFEST /ManifestFile:"Debug\lab3.exe.intermediate.manifest" /MANIFESTUAC:"level='asInvoker' uiAccess='false'" /DEBUG /PDB:"D:\comproSEC_A\lab3\Debug\lab3.pdb" /SUBSYSTEM:CONSOLE /TLBID:1 /DYNAMICBASE /NXCOMPAT /IMPLIB:"D:\comproSEC_A\lab3\Debug\lab3.lib" /MACHINE:X86 Debug\lab3.exe.embed.manifest.res
         Debug\lab3.obj
         lab3.vcxproj -> D:\comproSEC_A\lab3\Debug\lab3.exe
       FinalizeBuildStatus:
         Deleting file "Debug\lab3.unsuccessfulbuild".
         Touching "Debug\lab3.lastbuildstate".
     1>Done Building Project "D:\comproSEC_A\lab3\lab3\lab3.vcxproj" (build target(s)).

Build succeeded.

Time Elapsed 00:00:01.27
